{"C:\\Users\\Reem\\Desktop\\Fifth Year\\5th year projects 2022-2023\\Project\\Web application\\FMS_Project_Frontend\\packages\\shared-library\\assets\\icons\\avatar-placeholder-icon.tsx": {"path":"C:\\Users\\Reem\\Desktop\\Fifth Year\\5th year projects 2022-2023\\Project\\Web application\\FMS_Project_Frontend\\packages\\shared-library\\assets\\icons\\avatar-placeholder-icon.tsx","statementMap":{"0":{"start":{"line":1,"column":0},"end":{"line":1,"column":49}},"1":{"start":{"line":2,"column":0},"end":{"line":2,"column":37}},"2":{"start":{"line":5,"column":72},"end":{"line":31,"column":1}},"3":{"start":{"line":8,"column":2},"end":{"line":30,"column":4}},"4":{"start":{"line":11,"column":8},"end":{"line":25,"column":null}},"5":{"start":{"line":33,"column":0},"end":{"line":33,"column":25}}},"fnMap":{"0":{"name":"(anonymous_1)","decl":{"start":{"line":5,"column":72},"end":{"line":5,"column":null}},"loc":{"start":{"line":7,"column":4},"end":{"line":31,"column":1}}},"1":{"name":"(anonymous_2)","decl":{"start":{"line":10,"column":17},"end":{"line":10,"column":20}},"loc":{"start":{"line":11,"column":8},"end":{"line":25,"column":null}}}},"branchMap":{},"s":{"0":1,"1":1,"2":1,"3":2,"4":2,"5":1},"f":{"0":2,"1":2},"b":{}}
,"C:\\Users\\Reem\\Desktop\\Fifth Year\\5th year projects 2022-2023\\Project\\Web application\\FMS_Project_Frontend\\packages\\shared-library\\assets\\icons\\test-avatar-icon.tsx": {"path":"C:\\Users\\Reem\\Desktop\\Fifth Year\\5th year projects 2022-2023\\Project\\Web application\\FMS_Project_Frontend\\packages\\shared-library\\assets\\icons\\test-avatar-icon.tsx","statementMap":{"0":{"start":{"line":1,"column":0},"end":{"line":1,"column":49}},"1":{"start":{"line":2,"column":0},"end":{"line":2,"column":37}},"2":{"start":{"line":5,"column":77},"end":{"line":44,"column":1}},"3":{"start":{"line":8,"column":2},"end":{"line":43,"column":4}},"4":{"start":{"line":11,"column":8},"end":{"line":38,"column":null}},"5":{"start":{"line":46,"column":0},"end":{"line":46,"column":30}}},"fnMap":{"0":{"name":"(anonymous_1)","decl":{"start":{"line":5,"column":77},"end":{"line":5,"column":null}},"loc":{"start":{"line":7,"column":4},"end":{"line":44,"column":1}}},"1":{"name":"(anonymous_2)","decl":{"start":{"line":10,"column":17},"end":{"line":10,"column":20}},"loc":{"start":{"line":11,"column":8},"end":{"line":38,"column":null}}}},"branchMap":{},"s":{"0":1,"1":1,"2":1,"3":2,"4":2,"5":1},"f":{"0":2,"1":2},"b":{}}
,"C:\\Users\\Reem\\Desktop\\Fifth Year\\5th year projects 2022-2023\\Project\\Web application\\FMS_Project_Frontend\\packages\\shared-library\\src\\buttons\\fms-button.tsx": {"path":"C:\\Users\\Reem\\Desktop\\Fifth Year\\5th year projects 2022-2023\\Project\\Web application\\FMS_Project_Frontend\\packages\\shared-library\\src\\buttons\\fms-button.tsx","statementMap":{"0":{"start":{"line":1,"column":0},"end":{"line":1,"column":79}},"1":{"start":{"line":2,"column":0},"end":{"line":2,"column":30}},"2":{"start":{"line":3,"column":0},"end":{"line":3,"column":42}},"3":{"start":{"line":17,"column":53},"end":{"line":38,"column":1}},"4":{"start":{"line":25,"column":2},"end":{"line":37,"column":4}},"5":{"start":{"line":40,"column":0},"end":{"line":40,"column":25}}},"fnMap":{"0":{"name":"(anonymous_1)","decl":{"start":{"line":17,"column":53},"end":{"line":17,"column":54}},"loc":{"start":{"line":24,"column":5},"end":{"line":38,"column":1}}},"1":{"name":"(anonymous_2)","decl":{"start":{"line":22,"column":12},"end":{"line":22,"column":15}},"loc":{"start":{"line":22,"column":17},"end":{"line":22,"column":20}}}},"branchMap":{"0":{"loc":{"start":{"line":19,"column":2},"end":{"line":19,"column":18}},"type":"default-arg","locations":[{"start":{"line":19,"column":17},"end":{"line":19,"column":18}}]},"1":{"loc":{"start":{"line":20,"column":2},"end":{"line":20,"column":18}},"type":"default-arg","locations":[{"start":{"line":20,"column":9},"end":{"line":20,"column":18}}]},"2":{"loc":{"start":{"line":21,"column":2},"end":{"line":21,"column":17}},"type":"default-arg","locations":[{"start":{"line":21,"column":9},"end":{"line":21,"column":17}}]},"3":{"loc":{"start":{"line":22,"column":2},"end":{"line":22,"column":20}},"type":"default-arg","locations":[{"start":{"line":22,"column":12},"end":{"line":22,"column":20}}]},"4":{"loc":{"start":{"line":23,"column":2},"end":{"line":23,"column":18}},"type":"default-arg","locations":[{"start":{"line":23,"column":13},"end":{"line":23,"column":18}}]},"5":{"loc":{"start":{"line":28,"column":38},"end":{"line":28,"column":53}},"type":"cond-expr","locations":[{"start":{"line":28,"column":45},"end":{"line":28,"column":48}},{"start":{"line":28,"column":38},"end":{"line":28,"column":53}}]},"6":{"loc":{"start":{"line":28,"column":38},"end":{"line":28,"column":48}},"type":"binary-expr","locations":[{"start":{"line":28,"column":38},"end":{"line":28,"column":48}},{"start":{"line":28,"column":38},"end":{"line":28,"column":48}}]},"7":{"loc":{"start":{"line":28,"column":57},"end":{"line":28,"column":72}},"type":"cond-expr","locations":[{"start":{"line":28,"column":64},"end":{"line":28,"column":67}},{"start":{"line":28,"column":57},"end":{"line":28,"column":72}}]},"8":{"loc":{"start":{"line":28,"column":57},"end":{"line":28,"column":67}},"type":"binary-expr","locations":[{"start":{"line":28,"column":57},"end":{"line":28,"column":67}},{"start":{"line":28,"column":57},"end":{"line":28,"column":67}}]},"9":{"loc":{"start":{"line":29,"column":8},"end":{"line":29,"column":null}},"type":"cond-expr","locations":[{"start":{"line":29,"column":15},"end":{"line":29,"column":18}},{"start":{"line":29,"column":8},"end":{"line":29,"column":null}}]},"10":{"loc":{"start":{"line":29,"column":8},"end":{"line":29,"column":18}},"type":"binary-expr","locations":[{"start":{"line":29,"column":8},"end":{"line":29,"column":18}},{"start":{"line":29,"column":8},"end":{"line":29,"column":18}}]}},"s":{"0":1,"1":1,"2":1,"3":1,"4":15,"5":1},"f":{"0":15,"1":1},"b":{"0":[11],"1":[9],"2":[11],"3":[14],"4":[14],"5":[0,15],"6":[15,15],"7":[0,15],"8":[15,15],"9":[0,15],"10":[15,15]}}
}
