TN:
SF:assets\icons\avatar-placeholder-icon.tsx
FN:5,(anonymous_1)
FN:10,(anonymous_2)
FNF:2
FNH:2
FNDA:2,(anonymous_1)
FNDA:2,(anonymous_2)
DA:1,1
DA:2,1
DA:5,1
DA:8,2
DA:11,2
DA:33,1
LF:6
LH:6
BRF:0
BRH:0
end_of_record
TN:
SF:assets\icons\test-avatar-icon.tsx
FN:5,(anonymous_1)
FN:10,(anonymous_2)
FNF:2
FNH:2
FNDA:2,(anonymous_1)
FNDA:2,(anonymous_2)
DA:1,1
DA:2,1
DA:5,1
DA:8,2
DA:11,2
DA:46,1
LF:6
LH:6
BRF:0
BRH:0
end_of_record
TN:
SF:src\buttons\fms-button.tsx
FN:17,(anonymous_1)
FN:22,(anonymous_2)
FNF:2
FNH:2
FNDA:15,(anonymous_1)
FNDA:1,(anonymous_2)
DA:1,1
DA:2,1
DA:3,1
DA:17,1
DA:25,15
DA:40,1
LF:6
LH:6
BRDA:19,0,0,11
BRDA:20,1,0,9
BRDA:21,2,0,11
BRDA:22,3,0,14
BRDA:23,4,0,14
BRDA:28,5,0,0
BRDA:28,5,1,15
BRDA:28,6,0,15
BRDA:28,6,1,15
BRDA:28,7,0,0
BRDA:28,7,1,15
BRDA:28,8,0,15
BRDA:28,8,1,15
BRDA:29,9,0,0
BRDA:29,9,1,15
BRDA:29,10,0,15
BRDA:29,10,1,15
BRF:17
BRH:14
end_of_record
